c:\users\masatoshi\desktop\自作エンジン\ditengine3d_dx11\ditengine3d_dx11\x64\debug\vc143.pdb
c:\users\masatoshi\desktop\自作エンジン\ditengine3d_dx11\ditengine3d_dx11\x64\debug\vc143.idb
c:\users\masatoshi\desktop\自作エンジン\ditengine3d_dx11\ditengine3d_dx11\x64\debug\winmain.obj
c:\users\masatoshi\desktop\自作エンジン\ditengine3d_dx11\ditengine3d_dx11\x64\debug\utftosjisconv.obj
c:\users\masatoshi\desktop\自作エンジン\ditengine3d_dx11\ditengine3d_dx11\x64\debug\transform.obj
c:\users\masatoshi\desktop\自作エンジン\ditengine3d_dx11\ditengine3d_dx11\x64\debug\systemformat.obj
c:\users\masatoshi\desktop\自作エンジン\ditengine3d_dx11\ditengine3d_dx11\x64\debug\scene_game.obj
c:\users\masatoshi\desktop\自作エンジン\ditengine3d_dx11\ditengine3d_dx11\x64\debug\scenemanager.obj
c:\users\masatoshi\desktop\自作エンジン\ditengine3d_dx11\ditengine3d_dx11\x64\debug\meshrenderer.obj
c:\users\masatoshi\desktop\自作エンジン\ditengine3d_dx11\ditengine3d_dx11\x64\debug\inputsystem.obj
c:\users\masatoshi\desktop\自作エンジン\ditengine3d_dx11\ditengine3d_dx11\x64\debug\gameobject.obj
c:\users\masatoshi\desktop\自作エンジン\ditengine3d_dx11\ditengine3d_dx11\x64\debug\ditengine3d.obj
c:\users\masatoshi\desktop\自作エンジン\ditengine3d_dx11\ditengine3d_dx11\x64\debug\direct3d11.obj
c:\users\masatoshi\desktop\自作エンジン\ditengine3d_dx11\ditengine3d_dx11\x64\debug\camera.obj
c:\users\masatoshi\desktop\自作エンジン\ditengine3d_dx11\ditengine3d_dx11\x64\debug\application.obj
c:\users\masatoshi\desktop\自作エンジン\ditengine3d_dx11\ditengine3d_dx11\shader\vertexlightingps.cso
c:\users\masatoshi\desktop\自作エンジン\ditengine3d_dx11\ditengine3d_dx11\shader\vertexlightingvs.cso
c:\users\masatoshi\desktop\自作エンジン\ditengine3d_dx11\ditengine3d_dx11\shader\unlittextureps.cso
c:\users\masatoshi\desktop\自作エンジン\ditengine3d_dx11\ditengine3d_dx11\shader\unlittexturevs.cso
c:\users\masatoshi\desktop\自作エンジン\ditengine3d_dx11\x64\debug\ditengine3d_dx11.exe
c:\users\masatoshi\desktop\自作エンジン\ditengine3d_dx11\ditengine3d_dx11\x64\debug\ditengine3d_dx11.ilk
c:\users\masatoshi\desktop\自作エンジン\ditengine3d_dx11\x64\debug\ditengine3d_dx11.pdb
c:\users\masatoshi\desktop\自作エンジン\ditengine3d_dx11\ditengine3d_dx11\x64\debug\ditengine3d_dx11.tlog\cl.command.1.tlog
c:\users\masatoshi\desktop\自作エンジン\ditengine3d_dx11\ditengine3d_dx11\x64\debug\ditengine3d_dx11.tlog\cl.read.1.tlog
c:\users\masatoshi\desktop\自作エンジン\ditengine3d_dx11\ditengine3d_dx11\x64\debug\ditengine3d_dx11.tlog\cl.write.1.tlog
c:\users\masatoshi\desktop\自作エンジン\ditengine3d_dx11\ditengine3d_dx11\x64\debug\ditengine3d_dx11.tlog\fxc.command.1.tlog
c:\users\masatoshi\desktop\自作エンジン\ditengine3d_dx11\ditengine3d_dx11\x64\debug\ditengine3d_dx11.tlog\fxc.read.1.tlog
c:\users\masatoshi\desktop\自作エンジン\ditengine3d_dx11\ditengine3d_dx11\x64\debug\ditengine3d_dx11.tlog\fxc.write.1.tlog
c:\users\masatoshi\desktop\自作エンジン\ditengine3d_dx11\ditengine3d_dx11\x64\debug\ditengine3d_dx11.tlog\link.command.1.tlog
c:\users\masatoshi\desktop\自作エンジン\ditengine3d_dx11\ditengine3d_dx11\x64\debug\ditengine3d_dx11.tlog\link.read.1.tlog
c:\users\masatoshi\desktop\自作エンジン\ditengine3d_dx11\ditengine3d_dx11\x64\debug\ditengine3d_dx11.tlog\link.write.1.tlog
